<?xml version="1.0" encoding="UTF-8"?>
<!-- Generated by org.testng.reporters.JUnitReportReporter -->
<testsuite skipped="0" hostname="ATMECSINDT-046" name="com.atmecs.assessment_automation.testscripts.Suites" tests="1" failures="0" timestamp="07 Nov 2019 08:54:24 GMT" time="2459.591" errors="0">
  <testcase name="suitemethod" time="2459.591" classname="com.atmecs.assessment_automation.testscripts.Suites"/>
</testsuite> <!-- com.atmecs.assessment_automation.testscripts.Suites -->
