<?xml version="1.0" encoding="UTF-8"?>
<!-- Generated by org.testng.reporters.JUnitReportReporter -->
<testsuite skipped="0" hostname="ATMECSINDT-046" name="com.atmecs.assessmenttask.testscripts.Testscript" tests="1" failures="0" timestamp="23 Nov 2019 07:25:45 GMT" time="18.892" errors="0">
  <testcase name="bookingAutomation" time="18.892" classname="com.atmecs.assessmenttask.testscripts.Testscript"/>
</testsuite> <!-- com.atmecs.assessmenttask.testscripts.Testscript -->
